2018-08-23 11:50:53,139 tornado.access[85470] INFO: 304 GET /static/visualiser/index.html (::1) 43.19ms
2018-08-23 11:50:53,488 tornado.access[85470] INFO: 200 GET /static/visualiser/lib/bootstrap3/js/bootstrap.min.js (::1) 40.80ms
2018-08-23 11:50:53,519 tornado.access[85470] INFO: 200 GET /static/visualiser/lib/d3/d3.min.js (::1) 29.33ms
2018-08-23 11:50:53,541 tornado.access[85470] INFO: 200 GET /static/visualiser/lib/d3/dagre-d3.min.js (::1) 16.25ms
2018-08-23 11:50:53,546 tornado.access[85470] INFO: 200 GET /static/visualiser/lib/mustache.js (::1) 3.42ms
2018-08-23 11:50:53,560 tornado.access[85470] INFO: 200 GET /static/visualiser/js/luigi.js (::1) 13.44ms
2018-08-23 11:50:53,565 tornado.access[85470] INFO: 200 GET /static/visualiser/js/graph.js (::1) 2.50ms
2018-08-23 11:50:53,568 tornado.access[85470] INFO: 200 GET /static/visualiser/js/visualiserApp.js (::1) 2.57ms
2018-08-23 11:50:53,572 tornado.access[85470] INFO: 200 GET /static/visualiser/js/tipsy.js (::1) 3.20ms
2018-08-23 11:50:53,574 tornado.access[85470] INFO: 200 GET /static/visualiser/lib/jquery.slimscroll.min.js (::1) 1.04ms
2018-08-23 11:50:53,576 tornado.access[85470] INFO: 200 GET /static/visualiser/lib/AdminLTE/js/app.min.js (::1) 1.69ms
2018-08-23 11:50:53,586 tornado.access[85470] INFO: 200 GET /static/visualiser/lib/datatables/js/jquery.dataTables.min.js (::1) 9.00ms
2018-08-23 11:50:53,591 tornado.access[85470] INFO: 200 GET /static/visualiser/lib/URI/1.18.2/URI.js (::1) 3.61ms
2018-08-23 11:50:53,593 tornado.access[85470] INFO: 200 GET /static/visualiser/lib/bootstrap-toggle/js/bootstrap-toggle.min.js (::1) 0.98ms
2018-08-23 11:50:53,600 tornado.access[85470] INFO: 200 GET /static/visualiser/lib/jquery-1.10.0.min.js (::1) 6.20ms
2018-08-23 11:50:53,916 tornado.access[85470] INFO: 200 GET /static/visualiser/fonts/fontawesome-webfont.woff2?v=4.3.0 (::1) 4.48ms
2018-08-23 11:50:54,002 tornado.access[85470] INFO: 304 GET /api/resource_list?data=%7B%7D (::1) 10.93ms
2018-08-23 11:50:54,003 tornado.access[85470] INFO: 304 GET /api/is_paused?data=%7B%7D (::1) 0.35ms
2018-08-23 11:50:54,004 tornado.access[85470] INFO: 304 GET /api/worker_list?data=%7B%7D (::1) 0.67ms
2018-08-23 11:50:54,018 tornado.access[85470] INFO: 200 GET /static/visualiser/lib/datatables/images/sort_both.png (::1) 1.83ms
2018-08-23 11:50:54,034 tornado.access[85470] INFO: 304 GET /api/task_list?data=%7B%22status%22%3A%22RUNNING%22%2C%22upstream_status%22%3A%22%22%2C%22search%22%3A%22%22%7D (::1) 0.66ms
2018-08-23 11:50:54,036 tornado.access[85470] INFO: 304 GET /api/task_list?data=%7B%22status%22%3A%22PENDING%22%2C%22upstream_status%22%3A%22UPSTREAM_DISABLED%22%2C%22search%22%3A%22%22%7D (::1) 0.49ms
2018-08-23 11:50:54,037 tornado.access[85470] INFO: 304 GET /api/task_list?data=%7B%22status%22%3A%22DISABLED%22%2C%22upstream_status%22%3A%22%22%2C%22search%22%3A%22%22%7D (::1) 0.60ms
2018-08-23 11:50:54,038 tornado.access[85470] INFO: 304 GET /api/task_list?data=%7B%22status%22%3A%22PENDING%22%2C%22upstream_status%22%3A%22UPSTREAM_FAILED%22%2C%22search%22%3A%22%22%7D (::1) 0.53ms
2018-08-23 11:50:54,041 tornado.access[85470] INFO: 304 GET /api/task_list?data=%7B%22status%22%3A%22FAILED%22%2C%22upstream_status%22%3A%22%22%2C%22search%22%3A%22%22%7D (::1) 0.63ms
2018-08-23 11:50:54,042 tornado.access[85470] INFO: 304 GET /api/task_list?data=%7B%22status%22%3A%22BATCH_RUNNING%22%2C%22upstream_status%22%3A%22%22%2C%22search%22%3A%22%22%7D (::1) 0.52ms
2018-08-23 11:50:54,043 tornado.access[85470] INFO: 304 GET /api/task_list?data=%7B%22status%22%3A%22PENDING%22%2C%22upstream_status%22%3A%22%22%2C%22search%22%3A%22%22%7D (::1) 0.38ms
2018-08-23 11:50:54,044 tornado.access[85470] INFO: 304 GET /api/task_list?data=%7B%22status%22%3A%22DONE%22%2C%22upstream_status%22%3A%22%22%2C%22search%22%3A%22%22%7D (::1) 0.38ms
2018-08-23 13:21:58,582 luigi.server[85470] INFO: Scheduler instance shutting down
2018-08-23 13:21:58,591 luigi.scheduler[85470] INFO: Saved state in ./luigi.state
2018-08-23 13:21:58,595 luigi.server[85470] INFO: Scheduler instance shutting down
2018-08-23 13:21:58,595 luigi.scheduler[85470] INFO: Saved state in ./luigi.state
